Using pre-set license
Built from '2020.3/staging' branch; Version is '2020.3.14f1 (d0d1bb862f9d) revision 13685179'; Using compiler version '192528614'; Build Type 'Release'
OS: 'Windows 10 Home Single Language; OS build 19042.1110; Version 2009; 64bit' Language: 'es' Physical Memory: 8034 MB
BatchMode: 1, IsHumanControllingUs: 0, StartBugReporterOnCrash: 0, Is64bit: 1, IsPro: 0

 COMMAND LINE ARGUMENTS:
C:\Program Files\Unity\Hub\Editor\2020.3.14f1\Editor\Unity.exe
-adb2
-batchMode
-noUpm
-name
AssetImportWorker0
-projectPath
C:/Users/dua16256/metronomo1
-logFile
Logs/AssetImportWorker0.log
-srvPort
65475
Successfully changed project path to: C:/Users/dua16256/metronomo1
C:/Users/dua16256/metronomo1
Using Asset Import Pipeline V2.
Refreshing native plugins compatible for Editor in 138.69 ms, found 3 plugins.
Preloading 0 native plugins for Editor in 0.00 ms.
Initialize engine version: 2020.3.14f1 (d0d1bb862f9d)
[Subsystems] Discovering subsystems at path C:/Program Files/Unity/Hub/Editor/2020.3.14f1/Editor/Data/Resources/UnitySubsystems
[Subsystems] Discovering subsystems at path C:/Users/dua16256/metronomo1/Assets
GfxDevice: creating device client; threaded=0
Direct3D:
    Version:  Direct3D 11.0 [level 11.1]
    Renderer: Intel(R) UHD Graphics 620 (ID=0x5917)
    Vendor:   
    VRAM:     4017 MB
    Driver:   24.20.100.6346
Initialize mono
Mono path[0] = 'C:/Program Files/Unity/Hub/Editor/2020.3.14f1/Editor/Data/Managed'
Mono path[1] = 'C:/Program Files/Unity/Hub/Editor/2020.3.14f1/Editor/Data/MonoBleedingEdge/lib/mono/unityjit'
Mono config path = 'C:/Program Files/Unity/Hub/Editor/2020.3.14f1/Editor/Data/MonoBleedingEdge/etc'
Using monoOptions --debugger-agent=transport=dt_socket,embedding=1,server=y,suspend=n,address=127.0.0.1:56688
Begin MonoManager ReloadAssembly
Registering precompiled unity dll's ...
Register platform support module: C:/Program Files/Unity/Hub/Editor/2020.3.14f1/Editor/Data/PlaybackEngines/WebGLSupport/UnityEditor.WebGL.Extensions.dll
Register platform support module: C:/Program Files/Unity/Hub/Editor/2020.3.14f1/Editor/Data/PlaybackEngines/WindowsStandaloneSupport/UnityEditor.WindowsStandalone.Extensions.dll
Registered in 0.008357 seconds.
Native extension for WindowsStandalone target not found
Native extension for WebGL target not found
Refreshing native plugins compatible for Editor in 91.04 ms, found 3 plugins.
Preloading 0 native plugins for Editor in 0.00 ms.
Mono: successfully reloaded assembly
- Completed reload, in  3.408 seconds
Domain Reload Profiling:
	ReloadAssembly (3409ms)
		BeginReloadAssembly (135ms)
			ExecutionOrderSort (0ms)
			DisableScriptedObjects (0ms)
			BackupInstance (0ms)
			ReleaseScriptingObjects (0ms)
			CreateAndSetChildDomain (3ms)
		EndReloadAssembly (1043ms)
			LoadAssemblies (126ms)
			RebuildTransferFunctionScriptingTraits (0ms)
			SetupTypeCache (429ms)
			ReleaseScriptCaches (0ms)
			RebuildScriptCaches (110ms)
			SetupLoadedEditorAssemblies (335ms)
				LogAssemblyErrors (0ms)
				InitializePlatformSupportModulesInManaged (14ms)
				SetLoadedEditorAssemblies (0ms)
				RefreshPlugins (91ms)
				BeforeProcessingInitializeOnLoad (11ms)
				ProcessInitializeOnLoadAttributes (160ms)
				ProcessInitializeOnLoadMethodAttributes (58ms)
				AfterProcessingInitializeOnLoad (0ms)
				EditorAssembliesLoaded (0ms)
			ExecutionOrderSort2 (0ms)
			AwakeInstancesAfterBackupRestoration (0ms)
Platform modules already initialized, skipping
Registering precompiled user dll's ...
Registered in 0.008627 seconds.
Begin MonoManager ReloadAssembly
Native extension for WindowsStandalone target not found
Native extension for WebGL target not found
Refreshing native plugins compatible for Editor in 70.41 ms, found 3 plugins.
Preloading 0 native plugins for Editor in 0.00 ms.
Mono: successfully reloaded assembly
- Completed reload, in  3.185 seconds
Domain Reload Profiling:
	ReloadAssembly (3188ms)
		BeginReloadAssembly (409ms)
			ExecutionOrderSort (0ms)
			DisableScriptedObjects (28ms)
			BackupInstance (0ms)
			ReleaseScriptingObjects (0ms)
			CreateAndSetChildDomain (47ms)
		EndReloadAssembly (2635ms)
			LoadAssemblies (206ms)
			RebuildTransferFunctionScriptingTraits (0ms)
			SetupTypeCache (878ms)
			ReleaseScriptCaches (1ms)
			RebuildScriptCaches (176ms)
			SetupLoadedEditorAssemblies (1000ms)
				LogAssemblyErrors (0ms)
				InitializePlatformSupportModulesInManaged (8ms)
				SetLoadedEditorAssemblies (0ms)
				RefreshPlugins (71ms)
				BeforeProcessingInitializeOnLoad (137ms)
				ProcessInitializeOnLoadAttributes (683ms)
				ProcessInitializeOnLoadMethodAttributes (62ms)
				AfterProcessingInitializeOnLoad (38ms)
				EditorAssembliesLoaded (1ms)
			ExecutionOrderSort2 (0ms)
			AwakeInstancesAfterBackupRestoration (37ms)
Platform modules already initialized, skipping
========================================================================
Worker process is ready to serve import requests
Launched and connected shader compiler UnityShaderCompiler.exe after 0.11 seconds
Refreshing native plugins compatible for Editor in 0.79 ms, found 3 plugins.
Preloading 0 native plugins for Editor in 0.00 ms.
Unloading 2097 Unused Serialized files (Serialized files now loaded: 0)
System memory in use before: 94.7 MB.
System memory in use after: 94.8 MB.

Unloading 28 unused Assets to reduce memory usage. Loaded Objects now: 2536.
Total: 4.367600 ms (FindLiveObjects: 0.371300 ms CreateObjectMapping: 0.213000 ms MarkObjects: 3.649800 ms  DeleteObjects: 0.131300 ms)

AssetImportParameters requested are different than current active one (requested -> active):
  custom:framework-win-MediaFoundation: 216162199b28c13a410421893ffa2e32 -> 
  custom:video-decoder-ogg-theora: a1e56fd34408186e4bbccfd4996cb3dc -> 
  custom:container-muxer-webm: aa71ff27fc2769a1b78a27578f13a17b -> 
  custom:container-demuxer-webm: 4f35f7cbe854078d1ac9338744f61a02 -> 
  custom:container-demuxer-ogg: 62fdf1f143b41e24485cea50d1cbac27 -> 
  custom:video-encoder-webm-vp8: eb34c28f22e8b96e1ab97ce403110664 -> 
  custom:video-codec-MediaFoundation-h265: 746d11721c4dcdbdad8f713fa42b33f4 -> 
  custom:video-decoder-webm-vp8: 9c59270c3fd7afecdb556c50c9e8de78 -> 
  custom:audio-decoder-ogg-vorbis: bf7c407c2cedff20999df2af8eb42d56 -> 
  custom:audio-encoder-webm-vorbis: bf7c407c2cedff20999df2af8eb42d56 -> 
========================================================================
Received Import Request.
  path: Assets/script.cs
  artifactKey: Guid(263acbf7297b469489e3bb0b4da0e75c) Importer(815301076,1909f56bfc062723c751e8b465ee728b)
Start importing Assets/script.cs using Guid(263acbf7297b469489e3bb0b4da0e75c) Importer(815301076,1909f56bfc062723c751e8b465ee728b)  -> (artifact id: '8c2a5b42e967726c04869d9a1775ae7f') in 0.069872 seconds 
  Import took 0.080452 seconds .

========================================================================
Received Import Request.
  Time since last request: 0.000703 seconds.
  path: Assets/click3.mp3
  artifactKey: Guid(d692d5634c2e59b489d55e3e524915a5) Importer(815301076,1909f56bfc062723c751e8b465ee728b)
Start importing Assets/click3.mp3 using Guid(d692d5634c2e59b489d55e3e524915a5) Importer(815301076,1909f56bfc062723c751e8b465ee728b)  -> (artifact id: '4a16337cfec031f5b7e0f44316c39f17') in 0.267956 seconds 
  Import took 0.282552 seconds .

========================================================================
Received Import Request.
  Time since last request: 0.000811 seconds.
  path: Assets/New SceneTemplate.scenetemplate
  artifactKey: Guid(25a7c72b991b5c440b999aab50efe1d1) Importer(815301076,1909f56bfc062723c751e8b465ee728b)
Start importing Assets/New SceneTemplate.scenetemplate using Guid(25a7c72b991b5c440b999aab50efe1d1) Importer(815301076,1909f56bfc062723c751e8b465ee728b)  -> (artifact id: 'c5a8347a0938de8d475b5099a2df9c04') in 0.059980 seconds 
  Import took 0.072449 seconds .

========================================================================
Received Import Request.
  Time since last request: 0.000537 seconds.
  path: Assets/mixkit-quest-game-heavy-stomp-v-3049(1).wav
  artifactKey: Guid(15c4c36a45712cf409c51bee61cc0400) Importer(815301076,1909f56bfc062723c751e8b465ee728b)
Start importing Assets/mixkit-quest-game-heavy-stomp-v-3049(1).wav using Guid(15c4c36a45712cf409c51bee61cc0400) Importer(815301076,1909f56bfc062723c751e8b465ee728b)  -> (artifact id: 'bf9dea9dd2d7e394714f9cc12b3a3538') in 0.051171 seconds 
  Import took 0.062516 seconds .

========================================================================
Received Import Request.
  Time since last request: 0.000484 seconds.
  path: Assets/click2.mp3
  artifactKey: Guid(e56be6c7805f99b4f8340ef767da2209) Importer(815301076,1909f56bfc062723c751e8b465ee728b)
Start importing Assets/click2.mp3 using Guid(e56be6c7805f99b4f8340ef767da2209) Importer(815301076,1909f56bfc062723c751e8b465ee728b)  -> (artifact id: 'b9d290917c8ac98deed43a5e85e5d078') in 0.035561 seconds 
  Import took 0.045478 seconds .

========================================================================
Received Import Request.
  Time since last request: 0.000498 seconds.
  path: Assets/sonido.mp3
  artifactKey: Guid(2e2cc56faaae3c64fb6e46cf96f98e18) Importer(815301076,1909f56bfc062723c751e8b465ee728b)
Start importing Assets/sonido.mp3 using Guid(2e2cc56faaae3c64fb6e46cf96f98e18) Importer(815301076,1909f56bfc062723c751e8b465ee728b)  -> (artifact id: '09251323dcb08a514877e6d6323e56f0') in 0.043572 seconds 
  Import took 0.054550 seconds .

========================================================================
Received Import Request.
  Time since last request: 0.000480 seconds.
  path: Assets/click1.mp3
  artifactKey: Guid(9cf9bf8b565636f4e83b97f232a8f219) Importer(815301076,1909f56bfc062723c751e8b465ee728b)
Start importing Assets/click1.mp3 using Guid(9cf9bf8b565636f4e83b97f232a8f219) Importer(815301076,1909f56bfc062723c751e8b465ee728b)  -> (artifact id: 'ba4a294ed77ea99cbe63b4a370e114bf') in 0.034783 seconds 
  Import took 0.045260 seconds .

AssetImportWorkerClient::OnTransportError - code=2 error=End of file
